0 info it worked if it ends with ok
1 verbose cli [ '/usr/local/bin/node',
1 verbose cli   '/usr/local/bin/npm',
1 verbose cli   'run-script',
1 verbose cli   'server' ]
2 info using npm@3.7.3
3 info using node@v5.9.0
4 verbose run-script [ 'preserver', 'server', 'postserver' ]
5 info lifecycle @~preserver: @
6 silly lifecycle @~preserver: no script for preserver, continuing
7 info lifecycle @~server: @
8 verbose lifecycle @~server: unsafe-perm in lifecycle true
9 verbose lifecycle @~server: PATH: /usr/local/lib/node_modules/npm/bin/node-gyp-bin:/Users/ericsowell/Dev/tiy/july-2016/little-react-samples/day-43-samples/node_modules/.bin:/usr/local/bin:/Library/Frameworks/Python.framework/Versions/3.5/bin:/usr/local/bin:/usr/bin:/bin:/usr/sbin:/sbin:/usr/local/share/dotnet:/Library/TeX/texbin
10 verbose lifecycle @~server: CWD: /Users/ericsowell/Dev/tiy/july-2016/little-react-samples/day-43-samples
11 silly lifecycle @~server: Args: [ '-c', 'node server/server.js' ]
12 silly lifecycle @~server: Returned: code: 1  signal: null
13 info lifecycle @~server: Failed to exec server script
14 verbose stack Error: @ server: `node server/server.js`
14 verbose stack Exit status 1
14 verbose stack     at EventEmitter.<anonymous> (/usr/local/lib/node_modules/npm/lib/utils/lifecycle.js:239:16)
14 verbose stack     at emitTwo (events.js:100:13)
14 verbose stack     at EventEmitter.emit (events.js:185:7)
14 verbose stack     at ChildProcess.<anonymous> (/usr/local/lib/node_modules/npm/lib/utils/spawn.js:24:14)
14 verbose stack     at emitTwo (events.js:100:13)
14 verbose stack     at ChildProcess.emit (events.js:185:7)
14 verbose stack     at maybeClose (internal/child_process.js:850:16)
14 verbose stack     at Process.ChildProcess._handle.onexit (internal/child_process.js:215:5)
15 verbose pkgid @
16 verbose cwd /Users/ericsowell/Dev/tiy/july-2016/little-react-samples/day-43-samples
17 error Darwin 15.6.0
18 error argv "/usr/local/bin/node" "/usr/local/bin/npm" "run-script" "server"
19 error node v5.9.0
20 error npm  v3.7.3
21 error code ELIFECYCLE
22 error @ server: `node server/server.js`
22 error Exit status 1
23 error Failed at the @ server script 'node server/server.js'.
23 error Make sure you have the latest version of node.js and npm installed.
23 error If you do, this is most likely a problem with the  package,
23 error not with npm itself.
23 error Tell the author that this fails on your system:
23 error     node server/server.js
23 error You can get information on how to open an issue for this project with:
23 error     npm bugs
23 error Or if that isn't available, you can get their info via:
23 error     npm owner ls
23 error There is likely additional logging output above.
24 verbose exit [ 1, true ]
